<?xml version="1.0" encoding="UTF-8"?>
<!-- Generated by org.testng.reporters.JUnitXMLReporter -->
<testsuite ignored="0" hostname="DESKTOP-GS2JNHC" failures="0" tests="1" name="chromeTest" time="0.108" errors="0" timestamp="2022-02-03T00:10:29 IST">
  <testcase classname="Guru99_BankTest.LoginPageTest" name="@BeforeTest launchBrowser" time="0.074">
    <failure type="java.lang.IllegalStateException" message="The driver executable does not exist: C:\Users\sidhhi kolekar\eclipse-workspace\Guru99-Bank\&amp;quot;D:\apurv\selenium db\geckodriver.exe&amp;quot;">
      <![CDATA[java.lang.IllegalStateException: The driver executable does not exist: C:\Users\sidhhi kolekar\eclipse-workspace\Guru99-Bank\"D:\apurv\selenium db\geckodriver.exe"
at com.google.common.base.Preconditions.checkState(Preconditions.java:585)
at org.openqa.selenium.remote.service.DriverService.checkExecutable(DriverService.java:146)
at org.openqa.selenium.remote.service.DriverService.findExecutable(DriverService.java:141)
at org.openqa.selenium.firefox.GeckoDriverService.access$100(GeckoDriverService.java:44)
at org.openqa.selenium.firefox.GeckoDriverService$Builder.findDefaultExecutable(GeckoDriverService.java:167)
at org.openqa.selenium.remote.service.DriverService$Builder.build(DriverService.java:355)
at org.openqa.selenium.firefox.FirefoxDriver.toExecutor(FirefoxDriver.java:190)
at org.openqa.selenium.firefox.FirefoxDriver.<init>(FirefoxDriver.java:147)
at org.openqa.selenium.firefox.FirefoxDriver.<init>(FirefoxDriver.java:125)
at BasePack.Base.launchMozila(Base.java:20)
at Guru99_BankTest.LoginPageTest.launchBrowser(LoginPageTest.java:34)
... Removed 24 stack frames]]>
    </failure>
  </testcase> <!-- @BeforeTest launchBrowser -->
  <testcase classname="Guru99_BankTest.LoginPageTest" name="@BeforeClass initializePOMclasses" time="0.0">
    <skipped/>
  </testcase> <!-- @BeforeClass initializePOMclasses -->
  <testcase classname="Guru99_BankTest.LoginPageTest" name="@BeforeMethod lauchURL" time="0.0">
    <skipped/>
  </testcase> <!-- @BeforeMethod lauchURL -->
  <testcase classname="Guru99_BankTest.LoginPageTest" name="@AfterMethod logOut" time="0.0">
    <skipped/>
  </testcase> <!-- @AfterMethod logOut -->
  <testcase classname="Guru99_BankTest.LoginPageTest" name="@AfterClass closeBrowser" time="0.0">
    <skipped/>
  </testcase> <!-- @AfterClass closeBrowser -->
  <testcase classname="Guru99_BankTest.LoginPageTest" name="loginWithCorrectCredentials" time="0.0">
    <skipped/>
  </testcase> <!-- loginWithCorrectCredentials -->
</testsuite> <!-- chromeTest -->
